Using pre-set license
Built from '2022.3/staging' branch; Version is '2022.3.60f1 (5f63fdee6d95) revision 6251517'; Using compiler version '192829333'; Build Type 'Release'
OS: 'Windows 11  (10.0.26100) 64bit CoreSingleLanguage' Language: 'en' Physical Memory: 32620 MB
BatchMode: 1, IsHumanControllingUs: 0, StartBugReporterOnCrash: 0, Is64bit: 1, IsPro: 1

COMMAND LINE ARGUMENTS:
D:\Unity\2022.3.60f1\Editor\Unity.exe
-adb2
-batchMode
-noUpm
-name
AssetImportWorker2
-projectPath
D:/Unity Projects/Github/COC-Clone/Client
-logFile
Logs/AssetImportWorker2.log
-srvPort
61887
Successfully changed project path to: D:/Unity Projects/Github/COC-Clone/Client
D:/Unity Projects/Github/COC-Clone/Client
[UnityMemory] Configuration Parameters - Can be set up in boot.config
    "memorysetup-bucket-allocator-granularity=16"
    "memorysetup-bucket-allocator-bucket-count=8"
    "memorysetup-bucket-allocator-block-size=33554432"
    "memorysetup-bucket-allocator-block-count=8"
    "memorysetup-main-allocator-block-size=16777216"
    "memorysetup-thread-allocator-block-size=16777216"
    "memorysetup-gfx-main-allocator-block-size=16777216"
    "memorysetup-gfx-thread-allocator-block-size=16777216"
    "memorysetup-cache-allocator-block-size=4194304"
    "memorysetup-typetree-allocator-block-size=2097152"
    "memorysetup-profiler-bucket-allocator-granularity=16"
    "memorysetup-profiler-bucket-allocator-bucket-count=8"
    "memorysetup-profiler-bucket-allocator-block-size=33554432"
    "memorysetup-profiler-bucket-allocator-block-count=8"
    "memorysetup-profiler-allocator-block-size=16777216"
    "memorysetup-profiler-editor-allocator-block-size=1048576"
    "memorysetup-temp-allocator-size-main=16777216"
    "memorysetup-job-temp-allocator-block-size=2097152"
    "memorysetup-job-temp-allocator-block-size-background=1048576"
    "memorysetup-job-temp-allocator-reduction-small-platforms=262144"
    "memorysetup-allocator-temp-initial-block-size-main=262144"
    "memorysetup-allocator-temp-initial-block-size-worker=262144"
    "memorysetup-temp-allocator-size-background-worker=32768"
    "memorysetup-temp-allocator-size-job-worker=262144"
    "memorysetup-temp-allocator-size-preload-manager=33554432"
    "memorysetup-temp-allocator-size-nav-mesh-worker=65536"
    "memorysetup-temp-allocator-size-audio-worker=65536"
    "memorysetup-temp-allocator-size-cloud-worker=32768"
    "memorysetup-temp-allocator-size-gi-baking-worker=262144"
    "memorysetup-temp-allocator-size-gfx=262144"
Player connection [2480]  Target information:

Player connection [2480]  * "[IP] 172.22.69.106 [Port] 0 [Flags] 2 [Guid] 1915425607 [EditorId] 1915425607 [Version] 1048832 [Id] WindowsEditor(7,LAPTOP-0A2ONR4L) [Debug] 1 [PackageName] WindowsEditor [ProjectName] Editor" 

Player connection [2480]  * "[IP] 192.168.29.21 [Port] 0 [Flags] 2 [Guid] 1915425607 [EditorId] 1915425607 [Version] 1048832 [Id] WindowsEditor(7,LAPTOP-0A2ONR4L) [Debug] 1 [PackageName] WindowsEditor [ProjectName] Editor" 

Player connection [2480] Host joined multi-casting on [225.0.0.222:54997]...
Player connection [2480] Host joined alternative multi-casting on [225.0.0.222:34997]...
Input System module state changed to: Initialized.
[PhysX] Initialized MultithreadedTaskDispatcher with 16 workers.
Refreshing native plugins compatible for Editor in 2221.67 ms, found 3 plugins.
Preloading 0 native plugins for Editor in 0.00 ms.
Initialize engine version: 2022.3.60f1 (5f63fdee6d95)
[Subsystems] Discovering subsystems at path D:/Unity/2022.3.60f1/Editor/Data/Resources/UnitySubsystems
[Subsystems] Discovering subsystems at path D:/Unity Projects/Github/COC-Clone/Client/Assets
GfxDevice: creating device client; threaded=0; jobified=0
Direct3D:
    Version:  Direct3D 11.0 [level 11.1]
    Renderer: NVIDIA GeForce RTX 3060 Laptop GPU (ID=0x2560)
    Vendor:   NVIDIA
    VRAM:     5996 MB
    Driver:   32.0.15.8088
Initialize mono
Mono path[0] = 'D:/Unity/2022.3.60f1/Editor/Data/Managed'
Mono path[1] = 'D:/Unity/2022.3.60f1/Editor/Data/MonoBleedingEdge/lib/mono/unityjit-win32'
Mono config path = 'D:/Unity/2022.3.60f1/Editor/Data/MonoBleedingEdge/etc'
Using monoOptions --debugger-agent=transport=dt_socket,embedding=1,server=y,suspend=n,address=127.0.0.1:56428
Begin MonoManager ReloadAssembly
Registering precompiled unity dll's ...
Register platform support module: D:/Unity/2022.3.60f1/Editor/Data/PlaybackEngines/AndroidPlayer/UnityEditor.Android.Extensions.dll
Register platform support module: D:/Unity/2022.3.60f1/Editor/Data/PlaybackEngines/WindowsStandaloneSupport/UnityEditor.WindowsStandalone.Extensions.dll
Registered in 0.512840 seconds.
- Loaded All Assemblies, in  9.822 seconds
Native extension for WindowsStandalone target not found
Native extension for Android target not found
Android Extension - Scanning For ADB Devices 406 ms
Mono: successfully reloaded assembly
- Finished resetting the current domain, in  0.930 seconds
Domain Reload Profiling: 10752ms
	BeginReloadAssembly (6576ms)
		ExecutionOrderSort (0ms)
		DisableScriptedObjects (0ms)
		BackupInstance (0ms)
		ReleaseScriptingObjects (0ms)
		CreateAndSetChildDomain (2ms)
	RebuildCommonClasses (593ms)
	RebuildNativeTypeToScriptingClass (10ms)
	initialDomainReloadingComplete (571ms)
	LoadAllAssembliesAndSetupDomain (2072ms)
		LoadAssemblies (6582ms)
		RebuildTransferFunctionScriptingTraits (0ms)
		AnalyzeDomain (2060ms)
			TypeCache.Refresh (2058ms)
				TypeCache.ScanAssembly (1721ms)
			ScanForSourceGeneratedMonoScriptInfo (1ms)
			ResolveRequiredComponents (1ms)
	FinalizeReload (931ms)
		ReleaseScriptCaches (0ms)
		RebuildScriptCaches (0ms)
		SetupLoadedEditorAssemblies (867ms)
			LogAssemblyErrors (0ms)
			InitializePlatformSupportModulesInManaged (640ms)
			SetLoadedEditorAssemblies (5ms)
			RefreshPlugins (0ms)
			BeforeProcessingInitializeOnLoad (2ms)
			ProcessInitializeOnLoadAttributes (152ms)
			ProcessInitializeOnLoadMethodAttributes (66ms)
			AfterProcessingInitializeOnLoad (0ms)
			EditorAssembliesLoaded (0ms)
		ExecutionOrderSort2 (0ms)
		AwakeInstancesAfterBackupRestoration (0ms)
========================================================================
Worker process is ready to serve import requests
Caller must complete domain reload
Begin MonoManager ReloadAssembly
- Loaded All Assemblies, in  7.428 seconds
Native extension for WindowsStandalone target not found
Native extension for Android target not found
Mono: successfully reloaded assembly
- Finished resetting the current domain, in  0.994 seconds
Domain Reload Profiling: 8422ms
	BeginReloadAssembly (171ms)
		ExecutionOrderSort (0ms)
		DisableScriptedObjects (9ms)
		BackupInstance (0ms)
		ReleaseScriptingObjects (0ms)
		CreateAndSetChildDomain (27ms)
	RebuildCommonClasses (45ms)
	RebuildNativeTypeToScriptingClass (10ms)
	initialDomainReloadingComplete (50ms)
	LoadAllAssembliesAndSetupDomain (7152ms)
		LoadAssemblies (6735ms)
		RebuildTransferFunctionScriptingTraits (0ms)
		AnalyzeDomain (512ms)
			TypeCache.Refresh (482ms)
				TypeCache.ScanAssembly (466ms)
			ScanForSourceGeneratedMonoScriptInfo (23ms)
			ResolveRequiredComponents (5ms)
	FinalizeReload (995ms)
		ReleaseScriptCaches (0ms)
		RebuildScriptCaches (0ms)
		SetupLoadedEditorAssemblies (802ms)
			LogAssemblyErrors (0ms)
			InitializePlatformSupportModulesInManaged (23ms)
			SetLoadedEditorAssemblies (8ms)
			RefreshPlugins (0ms)
			BeforeProcessingInitializeOnLoad (127ms)
			ProcessInitializeOnLoadAttributes (612ms)
			ProcessInitializeOnLoadMethodAttributes (29ms)
			AfterProcessingInitializeOnLoad (3ms)
			EditorAssembliesLoaded (0ms)
		ExecutionOrderSort2 (0ms)
		AwakeInstancesAfterBackupRestoration (9ms)
Launched and connected shader compiler UnityShaderCompiler.exe after 0.04 seconds
Refreshing native plugins compatible for Editor in 3.71 ms, found 3 plugins.
Preloading 0 native plugins for Editor in 0.00 ms.
Unloading 3653 Unused Serialized files (Serialized files now loaded: 0)
Unloading 21 unused Assets / (54.9 KB). Loaded Objects now: 4124.
Memory consumption went from 130.2 MB to 130.2 MB.
Total: 3.626800 ms (FindLiveObjects: 0.500100 ms CreateObjectMapping: 0.125700 ms MarkObjects: 2.899700 ms  DeleteObjects: 0.100500 ms)

AssetImportParameters requested are different than current active one (requested -> active):
  custom:container-demuxer-ogg: 62fdf1f143b41e24485cea50d1cbac27 -> 
  custom:video-codec-MediaFoundation-h265: 746d11721c4dcdbdad8f713fa42b33f4 -> 
  custom:video-decoder-ogg-theora: a1e56fd34408186e4bbccfd4996cb3dc -> 
  custom:framework-win-MediaFoundation: 216162199b28c13a410421893ffa2e32 -> 
  custom:CustomObjectIndexerAttribute: 9a22284fe3817be447336de3de66b15e -> 
  custom:container-demuxer-webm: 4f35f7cbe854078d1ac9338744f61a02 -> 
  custom:container-muxer-webm: aa71ff27fc2769a1b78a27578f13a17b -> 
  custom:video-decoder-webm-vp8: 9c59270c3fd7afecdb556c50c9e8de78 -> 
  custom:SearchIndexIgnoredProperties: e643bd26f0fe6173181afceb89e7c659 -> 
  custom:AudioImporter_EditorPlatform: d09bf68614088b80899f8185d706f6e7 -> 
  custom:video-encoder-webm-vp8: eb34c28f22e8b96e1ab97ce403110664 -> 
  custom:audio-decoder-ogg-vorbis: bf7c407c2cedff20999df2af8eb42d56 -> 
  custom:audio-encoder-webm-vorbis: bf7c407c2cedff20999df2af8eb42d56 -> 
========================================================================
Received Prepare
Caller must complete domain reload
Begin MonoManager ReloadAssembly
- Loaded All Assemblies, in  0.553 seconds
Native extension for WindowsStandalone target not found
Native extension for Android target not found
Mono: successfully reloaded assembly
- Finished resetting the current domain, in  1.316 seconds
Domain Reload Profiling: 1869ms
	BeginReloadAssembly (181ms)
		ExecutionOrderSort (0ms)
		DisableScriptedObjects (7ms)
		BackupInstance (0ms)
		ReleaseScriptingObjects (0ms)
		CreateAndSetChildDomain (46ms)
	RebuildCommonClasses (50ms)
	RebuildNativeTypeToScriptingClass (17ms)
	initialDomainReloadingComplete (35ms)
	LoadAllAssembliesAndSetupDomain (269ms)
		LoadAssemblies (332ms)
		RebuildTransferFunctionScriptingTraits (0ms)
		AnalyzeDomain (32ms)
			TypeCache.Refresh (8ms)
				TypeCache.ScanAssembly (0ms)
			ScanForSourceGeneratedMonoScriptInfo (14ms)
			ResolveRequiredComponents (8ms)
	FinalizeReload (1317ms)
		ReleaseScriptCaches (0ms)
		RebuildScriptCaches (0ms)
		SetupLoadedEditorAssemblies (697ms)
			LogAssemblyErrors (0ms)
			InitializePlatformSupportModulesInManaged (23ms)
			SetLoadedEditorAssemblies (7ms)
			RefreshPlugins (0ms)
			BeforeProcessingInitializeOnLoad (132ms)
			ProcessInitializeOnLoadAttributes (507ms)
			ProcessInitializeOnLoadMethodAttributes (24ms)
			AfterProcessingInitializeOnLoad (4ms)
			EditorAssembliesLoaded (0ms)
		ExecutionOrderSort2 (0ms)
		AwakeInstancesAfterBackupRestoration (10ms)
Refreshing native plugins compatible for Editor in 2.86 ms, found 3 plugins.
Preloading 0 native plugins for Editor in 0.00 ms.
Unloading 3649 Unused Serialized files (Serialized files now loaded: 0)
Unloading 16 unused Assets / (0.8 MB). Loaded Objects now: 4129.
Memory consumption went from 131.0 MB to 130.2 MB.
Total: 3.779500 ms (FindLiveObjects: 0.274200 ms CreateObjectMapping: 0.244600 ms MarkObjects: 2.872800 ms  DeleteObjects: 0.386700 ms)

Prepare: number of updated asset objects reloaded= 0
AssetImportParameters requested are different than current active one (requested -> active):
  custom:container-demuxer-ogg: 62fdf1f143b41e24485cea50d1cbac27 -> 
  custom:video-codec-MediaFoundation-h265: 746d11721c4dcdbdad8f713fa42b33f4 -> 
  custom:video-decoder-ogg-theora: a1e56fd34408186e4bbccfd4996cb3dc -> 
  custom:framework-win-MediaFoundation: 216162199b28c13a410421893ffa2e32 -> 
  custom:scripting/monoscript/fileName/LPVegetation_MaterialInspector.cs: 61eeb7c9529639b4b75b57d2a911750c -> 
  custom:CustomObjectIndexerAttribute: 9a22284fe3817be447336de3de66b15e -> 
  custom:container-demuxer-webm: 4f35f7cbe854078d1ac9338744f61a02 -> 
  custom:container-muxer-webm: aa71ff27fc2769a1b78a27578f13a17b -> 
  custom:video-decoder-webm-vp8: 9c59270c3fd7afecdb556c50c9e8de78 -> 
  custom:SearchIndexIgnoredProperties: e643bd26f0fe6173181afceb89e7c659 -> 
  custom:AudioImporter_EditorPlatform: d09bf68614088b80899f8185d706f6e7 -> 
  custom:video-encoder-webm-vp8: eb34c28f22e8b96e1ab97ce403110664 -> 
  custom:audio-decoder-ogg-vorbis: bf7c407c2cedff20999df2af8eb42d56 -> 
  custom:audio-encoder-webm-vorbis: bf7c407c2cedff20999df2af8eb42d56 -> 
  custom:scripting/precompiled-assembly-types:Assembly-CSharp-Editor: a40382c71ba10c99e111b16c42eec9e1 -> 2f55d5fa5d1068d01b01c20aa968d4a7
========================================================================
Received Import Request.
  Time since last request: 907837.471561 seconds.
  path: Assets/Nicrom/Shaders
  artifactKey: Guid(a0573c7a4e00c4f4690c151d72e83360) Importer(815301076,1909f56bfc062723c751e8b465ee728b)
Start importing Assets/Nicrom/Shaders using Guid(a0573c7a4e00c4f4690c151d72e83360) Importer(815301076,1909f56bfc062723c751e8b465ee728b) [PhysX] Initialized MultithreadedTaskDispatcher with 16 workers.
 -> (artifact id: '7f43dad4689d64cd17dd92e6f43e4458') in 0.003290 seconds
Number of updated asset objects reloaded before import = 0
Number of asset objects unloaded after import = 0
========================================================================
Received Import Request.
  Time since last request: 1.914113 seconds.
  path: Assets/Nicrom/Shaders/Wind
  artifactKey: Guid(984f4e0f976398642aa7d140423741ec) Importer(815301076,1909f56bfc062723c751e8b465ee728b)
Start importing Assets/Nicrom/Shaders/Wind using Guid(984f4e0f976398642aa7d140423741ec) Importer(815301076,1909f56bfc062723c751e8b465ee728b) [PhysX] Initialized MultithreadedTaskDispatcher with 16 workers.
 -> (artifact id: '20e6c50dd6b7a009e8b4f5b8e790dbfc') in 0.000522 seconds
Number of updated asset objects reloaded before import = 0
Number of asset objects unloaded after import = 0
========================================================================
Received Import Request.
  Time since last request: 1.583776 seconds.
  path: Assets/Nicrom/Shaders/Wind/Prefabs
  artifactKey: Guid(cfc751ce1b94282458639bdc847d0744) Importer(815301076,1909f56bfc062723c751e8b465ee728b)
Start importing Assets/Nicrom/Shaders/Wind/Prefabs using Guid(cfc751ce1b94282458639bdc847d0744) Importer(815301076,1909f56bfc062723c751e8b465ee728b) [PhysX] Initialized MultithreadedTaskDispatcher with 16 workers.
 -> (artifact id: 'a246f18335c7feec7596db9631ad7535') in 0.000475 seconds
Number of updated asset objects reloaded before import = 0
Number of asset objects unloaded after import = 0
========================================================================
Received Import Request.
  Time since last request: 0.061873 seconds.
  path: Assets/Nicrom/Shaders/Wind/Prefabs/LPW_Flower_A1_H70cm_01.prefab
  artifactKey: Guid(962996e23ffcbc44d92fb20cd03940cd) Importer(815301076,1909f56bfc062723c751e8b465ee728b)
Start importing Assets/Nicrom/Shaders/Wind/Prefabs/LPW_Flower_A1_H70cm_01.prefab using Guid(962996e23ffcbc44d92fb20cd03940cd) Importer(815301076,1909f56bfc062723c751e8b465ee728b) [PhysX] Initialized MultithreadedTaskDispatcher with 16 workers.
[PhysX] Initialized MultithreadedTaskDispatcher with 16 workers.
 -> (artifact id: '38f178cfa1048ca6db653bfc897c6900') in 0.428802 seconds
Number of updated asset objects reloaded before import = 0
Number of asset objects unloaded after import = 11
========================================================================
Received Import Request.
  Time since last request: 0.000024 seconds.
  path: Assets/Nicrom/Shaders/Wind/Prefabs/LPW_Tree_C1_11m_01.prefab
  artifactKey: Guid(2510962d06f613b43a444e7178ccd6ec) Importer(815301076,1909f56bfc062723c751e8b465ee728b)
Start importing Assets/Nicrom/Shaders/Wind/Prefabs/LPW_Tree_C1_11m_01.prefab using Guid(2510962d06f613b43a444e7178ccd6ec) Importer(815301076,1909f56bfc062723c751e8b465ee728b) [PhysX] Initialized MultithreadedTaskDispatcher with 16 workers.
[PhysX] Initialized MultithreadedTaskDispatcher with 16 workers.
 -> (artifact id: '11dedacdf35a5411b6bc10b36e414a80') in 0.024626 seconds
Number of updated asset objects reloaded before import = 0
Number of asset objects unloaded after import = 12
========================================================================
Received Import Request.
  Time since last request: 0.000029 seconds.
  path: Assets/Nicrom/Shaders/Wind/Prefabs/LPW_Tree_B1_9m_02.prefab
  artifactKey: Guid(d76f8cf6d6d23834d97c23574821f38e) Importer(815301076,1909f56bfc062723c751e8b465ee728b)
Start importing Assets/Nicrom/Shaders/Wind/Prefabs/LPW_Tree_B1_9m_02.prefab using Guid(d76f8cf6d6d23834d97c23574821f38e) Importer(815301076,1909f56bfc062723c751e8b465ee728b) [PhysX] Initialized MultithreadedTaskDispatcher with 16 workers.
[PhysX] Initialized MultithreadedTaskDispatcher with 16 workers.
 -> (artifact id: '70dd98e50e4b687660785b4b5935dba6') in 0.024758 seconds
Number of updated asset objects reloaded before import = 0
Number of asset objects unloaded after import = 12
========================================================================
Received Import Request.
  Time since last request: 0.000021 seconds.
  path: Assets/Nicrom/Shaders/Wind/Prefabs/LPW_Rock_Wall_A1_01.prefab
  artifactKey: Guid(25cb56d59f80f614b9da0e9a36c48a05) Importer(815301076,1909f56bfc062723c751e8b465ee728b)
Start importing Assets/Nicrom/Shaders/Wind/Prefabs/LPW_Rock_Wall_A1_01.prefab using Guid(25cb56d59f80f614b9da0e9a36c48a05) Importer(815301076,1909f56bfc062723c751e8b465ee728b) [PhysX] Initialized MultithreadedTaskDispatcher with 16 workers.
[PhysX] Initialized MultithreadedTaskDispatcher with 16 workers.
 -> (artifact id: '4e8ffe8c1e04ffcc0534c62a2cece112') in 0.030082 seconds
Number of updated asset objects reloaded before import = 0
Number of asset objects unloaded after import = 10
========================================================================
Received Import Request.
  Time since last request: 0.000024 seconds.
  path: Assets/Nicrom/Shaders/Wind/Prefabs/LPW_Grass_A1_50cm_01.prefab
  artifactKey: Guid(9c6178fe943216540b276b975dafae16) Importer(815301076,1909f56bfc062723c751e8b465ee728b)
Start importing Assets/Nicrom/Shaders/Wind/Prefabs/LPW_Grass_A1_50cm_01.prefab using Guid(9c6178fe943216540b276b975dafae16) Importer(815301076,1909f56bfc062723c751e8b465ee728b) [PhysX] Initialized MultithreadedTaskDispatcher with 16 workers.
[PhysX] Initialized MultithreadedTaskDispatcher with 16 workers.
 -> (artifact id: '39e68a69f034368b8b2bd7266413a43b') in 0.024188 seconds
Number of updated asset objects reloaded before import = 0
Number of asset objects unloaded after import = 11
========================================================================
Received Import Request.
  Time since last request: 0.000017 seconds.
  path: Assets/Nicrom/Shaders/Wind/Prefabs/LPW_Tree_B1_9m_01.prefab
  artifactKey: Guid(9787e9e0fbeb87a45beb0d9d4e03edca) Importer(815301076,1909f56bfc062723c751e8b465ee728b)
Start importing Assets/Nicrom/Shaders/Wind/Prefabs/LPW_Tree_B1_9m_01.prefab using Guid(9787e9e0fbeb87a45beb0d9d4e03edca) Importer(815301076,1909f56bfc062723c751e8b465ee728b) [PhysX] Initialized MultithreadedTaskDispatcher with 16 workers.
[PhysX] Initialized MultithreadedTaskDispatcher with 16 workers.
 -> (artifact id: 'd5e981b2c4b7a4d2eb46bbc0a2e3e66b') in 0.026246 seconds
Number of updated asset objects reloaded before import = 0
Number of asset objects unloaded after import = 12
========================================================================
Received Import Request.
  Time since last request: 0.000018 seconds.
  path: Assets/Nicrom/Shaders/Wind/Prefabs/LPW_Ground_A1_100x100_02.prefab
  artifactKey: Guid(14d1ebaf454fb5d4daead1c6ae0281c4) Importer(815301076,1909f56bfc062723c751e8b465ee728b)
Start importing Assets/Nicrom/Shaders/Wind/Prefabs/LPW_Ground_A1_100x100_02.prefab using Guid(14d1ebaf454fb5d4daead1c6ae0281c4) Importer(815301076,1909f56bfc062723c751e8b465ee728b) [PhysX] Initialized MultithreadedTaskDispatcher with 16 workers.
[PhysX] Initialized MultithreadedTaskDispatcher with 16 workers.
 -> (artifact id: '99a2a0371880d8ba8a039b886738f2a0') in 0.018121 seconds
Number of updated asset objects reloaded before import = 0
Number of asset objects unloaded after import = 9
========================================================================
Received Import Request.
  Time since last request: 0.000023 seconds.
  path: Assets/Nicrom/Shaders/Wind/Prefabs/LPW_Ground_A1_100x100_01.prefab
  artifactKey: Guid(e4b7ee855e6fe0640ae15f3068cf68d7) Importer(815301076,1909f56bfc062723c751e8b465ee728b)
Start importing Assets/Nicrom/Shaders/Wind/Prefabs/LPW_Ground_A1_100x100_01.prefab using Guid(e4b7ee855e6fe0640ae15f3068cf68d7) Importer(815301076,1909f56bfc062723c751e8b465ee728b) [PhysX] Initialized MultithreadedTaskDispatcher with 16 workers.
[PhysX] Initialized MultithreadedTaskDispatcher with 16 workers.
 -> (artifact id: '1f417cae7c63b32fbae4ceeea9a4f5f8') in 0.017533 seconds
Number of updated asset objects reloaded before import = 0
Number of asset objects unloaded after import = 9
========================================================================
Received Import Request.
  Time since last request: 0.000024 seconds.
  path: Assets/Nicrom/Shaders/Wind/Prefabs/LPW_Rock_Boulder_A1_01.prefab
  artifactKey: Guid(aa0ba387f794005419a74fdfff3da4df) Importer(815301076,1909f56bfc062723c751e8b465ee728b)
Start importing Assets/Nicrom/Shaders/Wind/Prefabs/LPW_Rock_Boulder_A1_01.prefab using Guid(aa0ba387f794005419a74fdfff3da4df) Importer(815301076,1909f56bfc062723c751e8b465ee728b) [PhysX] Initialized MultithreadedTaskDispatcher with 16 workers.
[PhysX] Initialized MultithreadedTaskDispatcher with 16 workers.
 -> (artifact id: '310ec83573d1aae9265d27c5bfd2cdfa') in 0.021742 seconds
Number of updated asset objects reloaded before import = 0
Number of asset objects unloaded after import = 10
========================================================================
Received Import Request.
  Time since last request: 0.000024 seconds.
  path: Assets/Nicrom/Shaders/Wind/Prefabs/LPW_Tree_A1_6.5m_01.prefab
  artifactKey: Guid(2caeb99d3229fee4aa4f3bc8c1c8fc07) Importer(815301076,1909f56bfc062723c751e8b465ee728b)
Start importing Assets/Nicrom/Shaders/Wind/Prefabs/LPW_Tree_A1_6.5m_01.prefab using Guid(2caeb99d3229fee4aa4f3bc8c1c8fc07) Importer(815301076,1909f56bfc062723c751e8b465ee728b) [PhysX] Initialized MultithreadedTaskDispatcher with 16 workers.
[PhysX] Initialized MultithreadedTaskDispatcher with 16 workers.
 -> (artifact id: '6f76ac756aa4d37c2cb389f85fbffb1e') in 0.024214 seconds
Number of updated asset objects reloaded before import = 0
Number of asset objects unloaded after import = 12
Editor requested this worker to shutdown with reason: Scaling down because of idle timeout
TcpMessagingSession - receive error: operation aborted. errorcode: 995, details: The I/O operation has been aborted because of either a thread exit or an application request.
AssetImportWorker is now disconnected from the server
Process exiting
Exiting without the bug reporter. Application will terminate with return code 0