Using pre-set license
Built from '2022.3/staging' branch; Version is '2022.3.60f1 (5f63fdee6d95) revision 6251517'; Using compiler version '192829333'; Build Type 'Release'
OS: 'Windows 11  (10.0.26100) 64bit CoreSingleLanguage' Language: 'en' Physical Memory: 32620 MB
BatchMode: 1, IsHumanControllingUs: 0, StartBugReporterOnCrash: 0, Is64bit: 1, IsPro: 1

COMMAND LINE ARGUMENTS:
D:\Unity\2022.3.60f1\Editor\Unity.exe
-adb2
-batchMode
-noUpm
-name
AssetImportWorker0
-projectPath
D:/Unity Projects/Github/COC-Clone/Client
-logFile
Logs/AssetImportWorker0.log
-srvPort
52178
Successfully changed project path to: D:/Unity Projects/Github/COC-Clone/Client
D:/Unity Projects/Github/COC-Clone/Client
[UnityMemory] Configuration Parameters - Can be set up in boot.config
    "memorysetup-bucket-allocator-granularity=16"
    "memorysetup-bucket-allocator-bucket-count=8"
    "memorysetup-bucket-allocator-block-size=33554432"
    "memorysetup-bucket-allocator-block-count=8"
    "memorysetup-main-allocator-block-size=16777216"
    "memorysetup-thread-allocator-block-size=16777216"
    "memorysetup-gfx-main-allocator-block-size=16777216"
    "memorysetup-gfx-thread-allocator-block-size=16777216"
    "memorysetup-cache-allocator-block-size=4194304"
    "memorysetup-typetree-allocator-block-size=2097152"
    "memorysetup-profiler-bucket-allocator-granularity=16"
    "memorysetup-profiler-bucket-allocator-bucket-count=8"
    "memorysetup-profiler-bucket-allocator-block-size=33554432"
    "memorysetup-profiler-bucket-allocator-block-count=8"
    "memorysetup-profiler-allocator-block-size=16777216"
    "memorysetup-profiler-editor-allocator-block-size=1048576"
    "memorysetup-temp-allocator-size-main=16777216"
    "memorysetup-job-temp-allocator-block-size=2097152"
    "memorysetup-job-temp-allocator-block-size-background=1048576"
    "memorysetup-job-temp-allocator-reduction-small-platforms=262144"
    "memorysetup-allocator-temp-initial-block-size-main=262144"
    "memorysetup-allocator-temp-initial-block-size-worker=262144"
    "memorysetup-temp-allocator-size-background-worker=32768"
    "memorysetup-temp-allocator-size-job-worker=262144"
    "memorysetup-temp-allocator-size-preload-manager=33554432"
    "memorysetup-temp-allocator-size-nav-mesh-worker=65536"
    "memorysetup-temp-allocator-size-audio-worker=65536"
    "memorysetup-temp-allocator-size-cloud-worker=32768"
    "memorysetup-temp-allocator-size-gi-baking-worker=262144"
    "memorysetup-temp-allocator-size-gfx=262144"
Player connection [17608]  Target information:

Player connection [17608]  * "[IP] 172.22.69.106 [Port] 0 [Flags] 2 [Guid] 4230231967 [EditorId] 4230231967 [Version] 1048832 [Id] WindowsEditor(7,LAPTOP-0A2ONR4L) [Debug] 1 [PackageName] WindowsEditor [ProjectName] Editor" 

Player connection [17608]  * "[IP] 192.168.29.21 [Port] 0 [Flags] 2 [Guid] 4230231967 [EditorId] 4230231967 [Version] 1048832 [Id] WindowsEditor(7,LAPTOP-0A2ONR4L) [Debug] 1 [PackageName] WindowsEditor [ProjectName] Editor" 

Player connection [17608] Host joined multi-casting on [225.0.0.222:54997]...
Player connection [17608] Host joined alternative multi-casting on [225.0.0.222:34997]...
Input System module state changed to: Initialized.
[PhysX] Initialized MultithreadedTaskDispatcher with 16 workers.
Refreshing native plugins compatible for Editor in 7.95 ms, found 3 plugins.
Preloading 0 native plugins for Editor in 0.00 ms.
Initialize engine version: 2022.3.60f1 (5f63fdee6d95)
[Subsystems] Discovering subsystems at path D:/Unity/2022.3.60f1/Editor/Data/Resources/UnitySubsystems
[Subsystems] Discovering subsystems at path D:/Unity Projects/Github/COC-Clone/Client/Assets
GfxDevice: creating device client; threaded=0; jobified=0
Direct3D:
    Version:  Direct3D 11.0 [level 11.1]
    Renderer: NVIDIA GeForce RTX 3060 Laptop GPU (ID=0x2560)
    Vendor:   NVIDIA
    VRAM:     5996 MB
    Driver:   32.0.15.8088
Initialize mono
Mono path[0] = 'D:/Unity/2022.3.60f1/Editor/Data/Managed'
Mono path[1] = 'D:/Unity/2022.3.60f1/Editor/Data/MonoBleedingEdge/lib/mono/unityjit-win32'
Mono config path = 'D:/Unity/2022.3.60f1/Editor/Data/MonoBleedingEdge/etc'
Using monoOptions --debugger-agent=transport=dt_socket,embedding=1,server=y,suspend=n,address=127.0.0.1:56132
Begin MonoManager ReloadAssembly
Registering precompiled unity dll's ...
Register platform support module: D:/Unity/2022.3.60f1/Editor/Data/PlaybackEngines/WindowsStandaloneSupport/UnityEditor.WindowsStandalone.Extensions.dll
Registered in 0.003151 seconds.
- Loaded All Assemblies, in  0.369 seconds
Native extension for WindowsStandalone target not found
Mono: successfully reloaded assembly
- Finished resetting the current domain, in  0.315 seconds
Domain Reload Profiling: 685ms
	BeginReloadAssembly (108ms)
		ExecutionOrderSort (0ms)
		DisableScriptedObjects (0ms)
		BackupInstance (0ms)
		ReleaseScriptingObjects (0ms)
		CreateAndSetChildDomain (1ms)
	RebuildCommonClasses (53ms)
	RebuildNativeTypeToScriptingClass (10ms)
	initialDomainReloadingComplete (52ms)
	LoadAllAssembliesAndSetupDomain (146ms)
		LoadAssemblies (106ms)
		RebuildTransferFunctionScriptingTraits (0ms)
		AnalyzeDomain (144ms)
			TypeCache.Refresh (143ms)
				TypeCache.ScanAssembly (129ms)
			ScanForSourceGeneratedMonoScriptInfo (0ms)
			ResolveRequiredComponents (1ms)
	FinalizeReload (317ms)
		ReleaseScriptCaches (0ms)
		RebuildScriptCaches (0ms)
		SetupLoadedEditorAssemblies (261ms)
			LogAssemblyErrors (0ms)
			InitializePlatformSupportModulesInManaged (10ms)
			SetLoadedEditorAssemblies (9ms)
			RefreshPlugins (0ms)
			BeforeProcessingInitializeOnLoad (2ms)
			ProcessInitializeOnLoadAttributes (186ms)
			ProcessInitializeOnLoadMethodAttributes (54ms)
			AfterProcessingInitializeOnLoad (0ms)
			EditorAssembliesLoaded (0ms)
		ExecutionOrderSort2 (0ms)
		AwakeInstancesAfterBackupRestoration (0ms)
========================================================================
Worker process is ready to serve import requests
Caller must complete domain reload
Begin MonoManager ReloadAssembly
- Loaded All Assemblies, in  0.765 seconds
Native extension for WindowsStandalone target not found
Mono: successfully reloaded assembly
- Finished resetting the current domain, in  0.915 seconds
Domain Reload Profiling: 1680ms
	BeginReloadAssembly (176ms)
		ExecutionOrderSort (0ms)
		DisableScriptedObjects (7ms)
		BackupInstance (0ms)
		ReleaseScriptingObjects (0ms)
		CreateAndSetChildDomain (26ms)
	RebuildCommonClasses (46ms)
	RebuildNativeTypeToScriptingClass (17ms)
	initialDomainReloadingComplete (49ms)
	LoadAllAssembliesAndSetupDomain (478ms)
		LoadAssemblies (365ms)
		RebuildTransferFunctionScriptingTraits (0ms)
		AnalyzeDomain (217ms)
			TypeCache.Refresh (188ms)
				TypeCache.ScanAssembly (174ms)
			ScanForSourceGeneratedMonoScriptInfo (21ms)
			ResolveRequiredComponents (6ms)
	FinalizeReload (916ms)
		ReleaseScriptCaches (0ms)
		RebuildScriptCaches (0ms)
		SetupLoadedEditorAssemblies (740ms)
			LogAssemblyErrors (0ms)
			InitializePlatformSupportModulesInManaged (7ms)
			SetLoadedEditorAssemblies (8ms)
			RefreshPlugins (0ms)
			BeforeProcessingInitializeOnLoad (111ms)
			ProcessInitializeOnLoadAttributes (583ms)
			ProcessInitializeOnLoadMethodAttributes (28ms)
			AfterProcessingInitializeOnLoad (2ms)
			EditorAssembliesLoaded (0ms)
		ExecutionOrderSort2 (0ms)
		AwakeInstancesAfterBackupRestoration (8ms)
Launched and connected shader compiler UnityShaderCompiler.exe after 0.05 seconds
Refreshing native plugins compatible for Editor in 3.52 ms, found 3 plugins.
Preloading 0 native plugins for Editor in 0.00 ms.
Unloading 3640 Unused Serialized files (Serialized files now loaded: 0)
Unloading 21 unused Assets / (54.6 KB). Loaded Objects now: 4108.
Memory consumption went from 129.6 MB to 129.5 MB.
Total: 3.842300 ms (FindLiveObjects: 0.254300 ms CreateObjectMapping: 0.125100 ms MarkObjects: 3.345000 ms  DeleteObjects: 0.116700 ms)

AssetImportParameters requested are different than current active one (requested -> active):
  custom:container-demuxer-ogg: 62fdf1f143b41e24485cea50d1cbac27 -> 
  custom:video-codec-MediaFoundation-h265: 746d11721c4dcdbdad8f713fa42b33f4 -> 
  custom:video-decoder-ogg-theora: a1e56fd34408186e4bbccfd4996cb3dc -> 
  custom:framework-win-MediaFoundation: 216162199b28c13a410421893ffa2e32 -> 
  custom:CustomObjectIndexerAttribute: 9a22284fe3817be447336de3de66b15e -> 
  custom:container-demuxer-webm: 4f35f7cbe854078d1ac9338744f61a02 -> 
  custom:container-muxer-webm: aa71ff27fc2769a1b78a27578f13a17b -> 
  custom:video-decoder-webm-vp8: 9c59270c3fd7afecdb556c50c9e8de78 -> 
  custom:SearchIndexIgnoredProperties: e643bd26f0fe6173181afceb89e7c659 -> 
  custom:AudioImporter_EditorPlatform: d09bf68614088b80899f8185d706f6e7 -> 
  custom:video-encoder-webm-vp8: eb34c28f22e8b96e1ab97ce403110664 -> 
  custom:audio-decoder-ogg-vorbis: bf7c407c2cedff20999df2af8eb42d56 -> 
  custom:audio-encoder-webm-vorbis: bf7c407c2cedff20999df2af8eb42d56 -> 
========================================================================
Received Prepare
Caller must complete domain reload
Begin MonoManager ReloadAssembly
- Loaded All Assemblies, in  0.529 seconds
Native extension for WindowsStandalone target not found
Mono: successfully reloaded assembly
- Finished resetting the current domain, in  1.156 seconds
Domain Reload Profiling: 1685ms
	BeginReloadAssembly (193ms)
		ExecutionOrderSort (0ms)
		DisableScriptedObjects (8ms)
		BackupInstance (0ms)
		ReleaseScriptingObjects (0ms)
		CreateAndSetChildDomain (44ms)
	RebuildCommonClasses (49ms)
	RebuildNativeTypeToScriptingClass (15ms)
	initialDomainReloadingComplete (28ms)
	LoadAllAssembliesAndSetupDomain (245ms)
		LoadAssemblies (316ms)
		RebuildTransferFunctionScriptingTraits (0ms)
		AnalyzeDomain (28ms)
			TypeCache.Refresh (8ms)
				TypeCache.ScanAssembly (1ms)
			ScanForSourceGeneratedMonoScriptInfo (13ms)
			ResolveRequiredComponents (6ms)
	FinalizeReload (1157ms)
		ReleaseScriptCaches (0ms)
		RebuildScriptCaches (0ms)
		SetupLoadedEditorAssemblies (622ms)
			LogAssemblyErrors (0ms)
			InitializePlatformSupportModulesInManaged (6ms)
			SetLoadedEditorAssemblies (5ms)
			RefreshPlugins (0ms)
			BeforeProcessingInitializeOnLoad (109ms)
			ProcessInitializeOnLoadAttributes (475ms)
			ProcessInitializeOnLoadMethodAttributes (23ms)
			AfterProcessingInitializeOnLoad (4ms)
			EditorAssembliesLoaded (0ms)
		ExecutionOrderSort2 (0ms)
		AwakeInstancesAfterBackupRestoration (7ms)
Refreshing native plugins compatible for Editor in 2.77 ms, found 3 plugins.
Preloading 0 native plugins for Editor in 0.00 ms.
Unloading 3658 Unused Serialized files (Serialized files now loaded: 0)
Unloading 14 unused Assets / (28.5 KB). Loaded Objects now: 4136.
Memory consumption went from 129.2 MB to 129.2 MB.
Total: 3.366100 ms (FindLiveObjects: 0.268500 ms CreateObjectMapping: 0.197300 ms MarkObjects: 2.859200 ms  DeleteObjects: 0.040200 ms)

Prepare: number of updated asset objects reloaded= 0
AssetImportParameters requested are different than current active one (requested -> active):
  custom:scripting/monoscript/fileName/Tools.cs: 7cdfeea57068924b73a39ec390ccd430 -> 
  custom:container-demuxer-ogg: 62fdf1f143b41e24485cea50d1cbac27 -> 
  custom:video-codec-MediaFoundation-h265: 746d11721c4dcdbdad8f713fa42b33f4 -> 
  custom:video-decoder-ogg-theora: a1e56fd34408186e4bbccfd4996cb3dc -> 
  custom:framework-win-MediaFoundation: 216162199b28c13a410421893ffa2e32 -> 
  custom:scripting/monoscript/fileName/SerializableDictionary.cs: 90647cc400823b41df847a6cbfc29026 -> 
  custom:CustomObjectIndexerAttribute: 9a22284fe3817be447336de3de66b15e -> 
  custom:container-demuxer-webm: 4f35f7cbe854078d1ac9338744f61a02 -> 
  custom:scripting/monoscript/fileName/Demo_01_Projectile.cs: 75800ca1317df7a14543a20a9e54c96d -> 
  custom:scripting/monoscript/fileName/Client.cs: d41f037710c1328ca1873c5fe465ad18 -> 
  custom:scripting/monoscript/fileName/Demo_01_Manager.cs: f0b99d626eadae8b183528fc4ee589de -> 
  custom:container-muxer-webm: aa71ff27fc2769a1b78a27578f13a17b -> 
  custom:video-decoder-webm-vp8: 9c59270c3fd7afecdb556c50c9e8de78 -> 
  custom:scripting/monoscript/fileName/ThreadDispatcher.cs: f2274933b852e0c90d30c567c76b6336 -> 
  custom:SearchIndexIgnoredProperties: e643bd26f0fe6173181afceb89e7c659 -> 
  custom:AudioImporter_EditorPlatform: d09bf68614088b80899f8185d706f6e7 -> 
  custom:scripting/monoscript/fileName/Data.cs: 3497c5c2d49676ba5e8839f7f10b34ae -> 
  custom:scripting/monoscript/fileName/Threading.cs: 805577e7932f98245fc4607326638ca6 -> 
  custom:scripting/monoscript/fileName/RealtimeNetworking.cs: 9e261462afadff4b96e18b2251140976 -> 
  custom:scripting/monoscript/fileName/Demo_01_Room.cs: 19255c6c1859287733dbf5449b191cb8 -> 
  custom:scripting/monoscript/fileName/Functions.cs: 7b9460b7c8053e391a0bf36f6bbef066 -> 
  custom:scripting/monoscript/fileName/Demo_01_Game.cs: 0939b2aea7c2b5d522b87ef71a266ccc -> 
  custom:scripting/monoscript/fileName/EditorNetworkObject.cs: bc314ce05e2be67f36bb3615d93fecb5 -> 
  custom:scripting/monoscript/fileName/Demo_01_Controller.cs: 9b14e583bb19ba2848f641fed0ce3c81 -> 
  custom:scripting/monoscript/fileName/Packet.cs: c33c455de0b6309b37bcdd335c3ba6a0 -> 
  custom:scripting/monoscript/fileName/EditorAttributes.cs: 38b4ea42da91ee5e7a577957bc3425be -> 
  custom:scripting/monoscript/fileName/Demo_01_HealthBar.cs: 0c42939b93f01ad7f9ada536a9b09e80 -> 
  custom:video-encoder-webm-vp8: eb34c28f22e8b96e1ab97ce403110664 -> 
  custom:audio-decoder-ogg-vorbis: bf7c407c2cedff20999df2af8eb42d56 -> 
  custom:scripting/monoscript/fileName/Receiver.cs: 2a17d765b9c4fcff881a84f782695bec -> 
  custom:scripting/monoscript/fileName/Sender.cs: 101d2686a087412e76ed28e81a735cab -> 
  custom:scripting/monoscript/fileName/NetworkObject.cs: 9196dcffa49b79c1cd328f7fecb5444b -> 
  custom:scripting/monoscript/fileName/Demo_01_Platform.cs: e933bf222c45ba13bddfcc80d6050eea -> 
  custom:audio-encoder-webm-vorbis: bf7c407c2cedff20999df2af8eb42d56 -> 
  custom:scripting/precompiled-assembly-types:Assembly-CSharp-Editor: 344b19cb13a5ce5b806db57e8e3689c4 -> 
  custom:scripting/monoscript/fileName/Settings.cs: c9e77b8a7e2dbebcc56f04298393d46e -> ea9d1b04d3864b3b689bed16ba2743db
  custom:scripting/monoscript/fileName/Attributes.cs: 0d2930ac1004b11831e9fbca4f8d24ff -> 9d3861389974f0823e7e341aa6c23dae
  custom:scripting/precompiled-assembly-types:Assembly-CSharp: 03bf7c2c8d91d3f415ed41ea23116ed5 -> 
  custom:scripting/monoscript/fileName/Demo_01_LobbyPlayer.cs: 3f3b0c89df32cc48350ab4f05be4571d -> 
========================================================================
Received Import Request.
  Time since last request: 686029.862925 seconds.
  path: Assets/DevelopersHub/RealtimeNetworking/Resources/Settings.asset
  artifactKey: Guid(5fbd400bb1725724daef2c5ddd2aa1dc) Importer(815301076,1909f56bfc062723c751e8b465ee728b)
Start importing Assets/DevelopersHub/RealtimeNetworking/Resources/Settings.asset using Guid(5fbd400bb1725724daef2c5ddd2aa1dc) Importer(815301076,1909f56bfc062723c751e8b465ee728b) [PhysX] Initialized MultithreadedTaskDispatcher with 16 workers.
 -> (artifact id: '0b50d42e995119e627bdc415643904b0') in 0.026361 seconds
Number of updated asset objects reloaded before import = 0
Number of asset objects unloaded after import = 38
========================================================================
Received Import Request.
  Time since last request: 38.849626 seconds.
  path: Assets/Scenes/SampleScene.unity
  artifactKey: Guid(9fc0d4010bbf28b4594072e72b8655ab) Importer(2089858483,0ecaa5967403d082aa24f35e1b516d23)
Start importing Assets/Scenes/SampleScene.unity using Guid(9fc0d4010bbf28b4594072e72b8655ab) Importer(2089858483,0ecaa5967403d082aa24f35e1b516d23) [PhysX] Initialized MultithreadedTaskDispatcher with 16 workers.
 -> (artifact id: '92e59cf4281cabf1183ea4e9e11c4272') in 0.090179 seconds
Number of updated asset objects reloaded before import = 0
Number of asset objects unloaded after import = 1
========================================================================
Received Import Request.
  Time since last request: 0.000029 seconds.
  path: Assets/DevelopersHub/RealtimeNetworking/Demo/01/Prefabs/Demo_01_Projectile.prefab
  artifactKey: Guid(734e67b01e83e194697f52aa25b28e34) Importer(2089858483,0ecaa5967403d082aa24f35e1b516d23)
Start importing Assets/DevelopersHub/RealtimeNetworking/Demo/01/Prefabs/Demo_01_Projectile.prefab using Guid(734e67b01e83e194697f52aa25b28e34) Importer(2089858483,0ecaa5967403d082aa24f35e1b516d23) [PhysX] Initialized MultithreadedTaskDispatcher with 16 workers.
 -> (artifact id: 'ad4c88314df519faf6dd867203aa480a') in 0.109158 seconds
Number of updated asset objects reloaded before import = 0
Number of asset objects unloaded after import = 10
========================================================================
Received Import Request.
  Time since last request: 0.000035 seconds.
  path: Assets/DevelopersHub/RealtimeNetworking/Scripts/Attributes.cs
  artifactKey: Guid(aa00d798e80f2914aadda625e8a4cde7) Importer(2089858483,0ecaa5967403d082aa24f35e1b516d23)
Start importing Assets/DevelopersHub/RealtimeNetworking/Scripts/Attributes.cs using Guid(aa00d798e80f2914aadda625e8a4cde7) Importer(2089858483,0ecaa5967403d082aa24f35e1b516d23) [PhysX] Initialized MultithreadedTaskDispatcher with 16 workers.
 -> (artifact id: 'ef5a4fc3052fb92bebbf5af7e53b3569') in 0.013698 seconds
Number of updated asset objects reloaded before import = 0
Number of asset objects unloaded after import = 1
========================================================================
Received Import Request.
  Time since last request: 0.000021 seconds.
  path: Assets/DevelopersHub/RealtimeNetworking/Scripts/Editor/EditorNetworkObject.cs
  artifactKey: Guid(5a183f4c70cf446418d980004d9ca507) Importer(2089858483,0ecaa5967403d082aa24f35e1b516d23)
Start importing Assets/DevelopersHub/RealtimeNetworking/Scripts/Editor/EditorNetworkObject.cs using Guid(5a183f4c70cf446418d980004d9ca507) Importer(2089858483,0ecaa5967403d082aa24f35e1b516d23) [PhysX] Initialized MultithreadedTaskDispatcher with 16 workers.
 -> (artifact id: 'bab3b173995c63edf9e6b36989e4f46a') in 0.014656 seconds
Number of updated asset objects reloaded before import = 0
Number of asset objects unloaded after import = 1
========================================================================
Received Import Request.
  Time since last request: 0.000056 seconds.
  path: Assets/DevelopersHub/RealtimeNetworking/Scripts/Settings.cs
  artifactKey: Guid(8bf953d67a0f1464197895d6ba33d04c) Importer(2089858483,0ecaa5967403d082aa24f35e1b516d23)
Start importing Assets/DevelopersHub/RealtimeNetworking/Scripts/Settings.cs using Guid(8bf953d67a0f1464197895d6ba33d04c) Importer(2089858483,0ecaa5967403d082aa24f35e1b516d23) [PhysX] Initialized MultithreadedTaskDispatcher with 16 workers.
 -> (artifact id: '0ad03b8f4f9477fa7d6374ee20ed4432') in 0.013080 seconds
Number of updated asset objects reloaded before import = 0
Number of asset objects unloaded after import = 1
========================================================================
Received Import Request.
  Time since last request: 0.000020 seconds.
  path: Assets/DevelopersHub/RealtimeNetworking/Demo/01/Prefabs/Demo_01_Controller.prefab
  artifactKey: Guid(67b9a9aa070ff444dbbd3328dd82fa5d) Importer(2089858483,0ecaa5967403d082aa24f35e1b516d23)
Start importing Assets/DevelopersHub/RealtimeNetworking/Demo/01/Prefabs/Demo_01_Controller.prefab using Guid(67b9a9aa070ff444dbbd3328dd82fa5d) Importer(2089858483,0ecaa5967403d082aa24f35e1b516d23) [PhysX] Initialized MultithreadedTaskDispatcher with 16 workers.
 -> (artifact id: 'eb530f4a791b4f58ef30af32d7beeacb') in 0.044122 seconds
Number of updated asset objects reloaded before import = 0
Number of asset objects unloaded after import = 29
========================================================================
Received Import Request.
  Time since last request: 0.000022 seconds.
  path: Assets/DevelopersHub/RealtimeNetworking/Scripts/SerializableDictionary.cs
  artifactKey: Guid(37585d69e77def342b3dcc9569f3357f) Importer(2089858483,0ecaa5967403d082aa24f35e1b516d23)
Start importing Assets/DevelopersHub/RealtimeNetworking/Scripts/SerializableDictionary.cs using Guid(37585d69e77def342b3dcc9569f3357f) Importer(2089858483,0ecaa5967403d082aa24f35e1b516d23) [PhysX] Initialized MultithreadedTaskDispatcher with 16 workers.
 -> (artifact id: '806a0f450799ba1038922167585cec4e') in 0.015246 seconds
Number of updated asset objects reloaded before import = 0
Number of asset objects unloaded after import = 1
========================================================================
Received Import Request.
  Time since last request: 0.000027 seconds.
  path: Assets/DevelopersHub/RealtimeNetworking/Scripts/Functions.cs
  artifactKey: Guid(e2a1f89e55c15e548989f5054ed9eaa3) Importer(2089858483,0ecaa5967403d082aa24f35e1b516d23)
Start importing Assets/DevelopersHub/RealtimeNetworking/Scripts/Functions.cs using Guid(e2a1f89e55c15e548989f5054ed9eaa3) Importer(2089858483,0ecaa5967403d082aa24f35e1b516d23) [PhysX] Initialized MultithreadedTaskDispatcher with 16 workers.
 -> (artifact id: 'de9494d69a053556ae923d9915a5ec32') in 0.016213 seconds
Number of updated asset objects reloaded before import = 0
Number of asset objects unloaded after import = 1
========================================================================
Received Import Request.
  Time since last request: 0.000023 seconds.
  path: Assets/DevelopersHub/RealtimeNetworking/Demo/01/Textures/blank.png
  artifactKey: Guid(b357d002755571b4baa3dcc9eb5a4bfe) Importer(2089858483,0ecaa5967403d082aa24f35e1b516d23)
Start importing Assets/DevelopersHub/RealtimeNetworking/Demo/01/Textures/blank.png using Guid(b357d002755571b4baa3dcc9eb5a4bfe) Importer(2089858483,0ecaa5967403d082aa24f35e1b516d23) [PhysX] Initialized MultithreadedTaskDispatcher with 16 workers.
 -> (artifact id: '9ef24fbd01e319986efec6dd4724d561') in 0.082278 seconds
Number of updated asset objects reloaded before import = 0
Number of asset objects unloaded after import = 3
========================================================================
Received Import Request.
  Time since last request: 0.000021 seconds.
  path: Assets/DevelopersHub/RealtimeNetworking/Demo/01/Scripts/Demo_01_Room.cs
  artifactKey: Guid(dac064513f8c0794c97854f0f02b0529) Importer(2089858483,0ecaa5967403d082aa24f35e1b516d23)
Start importing Assets/DevelopersHub/RealtimeNetworking/Demo/01/Scripts/Demo_01_Room.cs using Guid(dac064513f8c0794c97854f0f02b0529) Importer(2089858483,0ecaa5967403d082aa24f35e1b516d23) [PhysX] Initialized MultithreadedTaskDispatcher with 16 workers.
 -> (artifact id: 'edfbbb0ad63c210eb96456aaa2d9186b') in 0.014695 seconds
Number of updated asset objects reloaded before import = 0
Number of asset objects unloaded after import = 1
========================================================================
Received Import Request.
  Time since last request: 0.000026 seconds.
  path: Assets/DevelopersHub/RealtimeNetworking/Demo/01/Prefabs/Demo_01_LobbyPlayer.prefab
  artifactKey: Guid(513493d011547134b88ba9cfdc5cb30d) Importer(2089858483,0ecaa5967403d082aa24f35e1b516d23)
Start importing Assets/DevelopersHub/RealtimeNetworking/Demo/01/Prefabs/Demo_01_LobbyPlayer.prefab using Guid(513493d011547134b88ba9cfdc5cb30d) Importer(2089858483,0ecaa5967403d082aa24f35e1b516d23) [PhysX] Initialized MultithreadedTaskDispatcher with 16 workers.
 -> (artifact id: '403aee41955fcb2899f732a91e94e878') in 0.038079 seconds
Number of updated asset objects reloaded before import = 0
Number of asset objects unloaded after import = 31
========================================================================
Received Import Request.
  Time since last request: 0.000027 seconds.
  path: Assets/DevelopersHub/RealtimeNetworking/Scripts/RealtimeNetworking.cs
  artifactKey: Guid(625d6db11c0a0904592777fefc0374e0) Importer(2089858483,0ecaa5967403d082aa24f35e1b516d23)
Start importing Assets/DevelopersHub/RealtimeNetworking/Scripts/RealtimeNetworking.cs using Guid(625d6db11c0a0904592777fefc0374e0) Importer(2089858483,0ecaa5967403d082aa24f35e1b516d23) [PhysX] Initialized MultithreadedTaskDispatcher with 16 workers.
 -> (artifact id: 'a84701795a2d6c37921d8d5ea906415f') in 0.016547 seconds
Number of updated asset objects reloaded before import = 0
Number of asset objects unloaded after import = 1
========================================================================
Received Import Request.
  Time since last request: 0.000018 seconds.
  path: Assets/DevelopersHub/RealtimeNetworking/Demo/01/Scripts/Demo_01_HealthBar.cs
  artifactKey: Guid(01b9790af4a472e43a56003166eeca8a) Importer(2089858483,0ecaa5967403d082aa24f35e1b516d23)
Start importing Assets/DevelopersHub/RealtimeNetworking/Demo/01/Scripts/Demo_01_HealthBar.cs using Guid(01b9790af4a472e43a56003166eeca8a) Importer(2089858483,0ecaa5967403d082aa24f35e1b516d23) [PhysX] Initialized MultithreadedTaskDispatcher with 16 workers.
 -> (artifact id: '335e6d600946abbbb62f2183e37a63b1') in 0.020210 seconds
Number of updated asset objects reloaded before import = 0
Number of asset objects unloaded after import = 1
========================================================================
Received Import Request.
  Time since last request: 0.000021 seconds.
  path: Assets/DevelopersHub/RealtimeNetworking/Scripts/Data.cs
  artifactKey: Guid(1b4bf054ebc00614c9aaadbada680979) Importer(2089858483,0ecaa5967403d082aa24f35e1b516d23)
Start importing Assets/DevelopersHub/RealtimeNetworking/Scripts/Data.cs using Guid(1b4bf054ebc00614c9aaadbada680979) Importer(2089858483,0ecaa5967403d082aa24f35e1b516d23) [PhysX] Initialized MultithreadedTaskDispatcher with 16 workers.
 -> (artifact id: '8ddff4f04f0677208fd1d18cf5e3d63a') in 0.018583 seconds
Number of updated asset objects reloaded before import = 0
Number of asset objects unloaded after import = 1
========================================================================
Received Import Request.
  Time since last request: 0.000022 seconds.
  path: Assets/DevelopersHub/RealtimeNetworking/Scripts/NetworkObject.cs
  artifactKey: Guid(41e6c3eb20397554eb1aece2df8d73ad) Importer(2089858483,0ecaa5967403d082aa24f35e1b516d23)
Start importing Assets/DevelopersHub/RealtimeNetworking/Scripts/NetworkObject.cs using Guid(41e6c3eb20397554eb1aece2df8d73ad) Importer(2089858483,0ecaa5967403d082aa24f35e1b516d23) [PhysX] Initialized MultithreadedTaskDispatcher with 16 workers.
 -> (artifact id: '5180a804b2374856a25a898cc2324120') in 0.016418 seconds
Number of updated asset objects reloaded before import = 0
Number of asset objects unloaded after import = 1
========================================================================
Received Import Request.
  Time since last request: 0.000041 seconds.
  path: Assets/DevelopersHub/RealtimeNetworking/Demo/01/Scenes/Demo_01_2_Game.unity
  artifactKey: Guid(10bc01d0cf58a4a4fb0a176cf3e5c908) Importer(2089858483,0ecaa5967403d082aa24f35e1b516d23)
Start importing Assets/DevelopersHub/RealtimeNetworking/Demo/01/Scenes/Demo_01_2_Game.unity using Guid(10bc01d0cf58a4a4fb0a176cf3e5c908) Importer(2089858483,0ecaa5967403d082aa24f35e1b516d23) [PhysX] Initialized MultithreadedTaskDispatcher with 16 workers.
 -> (artifact id: 'fa08ab779c75314f1546bf39fa3c7702') in 0.016131 seconds
Number of updated asset objects reloaded before import = 0
Number of asset objects unloaded after import = 1
========================================================================
Received Import Request.
  Time since last request: 0.000023 seconds.
  path: Assets/DevelopersHub/RealtimeNetworking/Demo/01/Scripts/Demo_01_Controller.cs
  artifactKey: Guid(568ced28f4555ac4d9a3a7377bef88ca) Importer(2089858483,0ecaa5967403d082aa24f35e1b516d23)
Start importing Assets/DevelopersHub/RealtimeNetworking/Demo/01/Scripts/Demo_01_Controller.cs using Guid(568ced28f4555ac4d9a3a7377bef88ca) Importer(2089858483,0ecaa5967403d082aa24f35e1b516d23) [PhysX] Initialized MultithreadedTaskDispatcher with 16 workers.
 -> (artifact id: '7ebbb1f367554ba1eb165489e541701c') in 0.014948 seconds
Number of updated asset objects reloaded before import = 0
Number of asset objects unloaded after import = 1
========================================================================
Received Import Request.
  Time since last request: 0.000023 seconds.
  path: Assets/DevelopersHub/RealtimeNetworking/Scripts/Tools.cs
  artifactKey: Guid(ff3155c796672034dbb9068f9c0795c0) Importer(2089858483,0ecaa5967403d082aa24f35e1b516d23)
Start importing Assets/DevelopersHub/RealtimeNetworking/Scripts/Tools.cs using Guid(ff3155c796672034dbb9068f9c0795c0) Importer(2089858483,0ecaa5967403d082aa24f35e1b516d23) [PhysX] Initialized MultithreadedTaskDispatcher with 16 workers.
 -> (artifact id: '6dcfc739d2f432e6b87f66702e2339ec') in 0.016160 seconds
Number of updated asset objects reloaded before import = 0
Number of asset objects unloaded after import = 1
========================================================================
Received Import Request.
  Time since last request: 0.000019 seconds.
  path: Assets/DevelopersHub/RealtimeNetworking/Demo/01/Scripts/Demo_01_Game.cs
  artifactKey: Guid(d3e174f634126f24692d2b80cba948fb) Importer(2089858483,0ecaa5967403d082aa24f35e1b516d23)
Start importing Assets/DevelopersHub/RealtimeNetworking/Demo/01/Scripts/Demo_01_Game.cs using Guid(d3e174f634126f24692d2b80cba948fb) Importer(2089858483,0ecaa5967403d082aa24f35e1b516d23) [PhysX] Initialized MultithreadedTaskDispatcher with 16 workers.
 -> (artifact id: '23fd0ef004359f6f2faa79559df7abb5') in 0.015596 seconds
Number of updated asset objects reloaded before import = 0
Number of asset objects unloaded after import = 1
Editor requested this worker to shutdown with reason: Scaling down because of idle timeout
TcpMessagingSession - receive error: operation aborted. errorcode: 995, details: The I/O operation has been aborted because of either a thread exit or an application request.
AssetImportWorker is now disconnected from the server
Process exiting
Exiting without the bug reporter. Application will terminate with return code 0